Using pre-set license
Built from '2020.3/staging' branch; Version is '2020.3.4f1 (0abb6314276a) revision 703331'; Using compiler version '192528614'; Build Type 'Release'
OS: 'Windows 10 Home; OS build 19045.2846; Version 2009; 64bit' Language: 'en' Physical Memory: 16295 MB
BatchMode: 1, IsHumanControllingUs: 0, StartBugReporterOnCrash: 0, Is64bit: 1, IsPro: 0

 COMMAND LINE ARGUMENTS:
C:\Program Files\Unity\Hub\Editor\2020.3.4f1\Editor\Unity.exe
-adb2
-batchMode
-noUpm
-name
AssetImportWorker0
-projectPath
C:/Users/Bonzeye/Desktop/Temp Desktop/Repos/roguelike/TopDungeon
-logFile
Logs/AssetImportWorker0.log
-srvPort
63719
Successfully changed project path to: C:/Users/Bonzeye/Desktop/Temp Desktop/Repos/roguelike/TopDungeon
C:/Users/Bonzeye/Desktop/Temp Desktop/Repos/roguelike/TopDungeon
Using Asset Import Pipeline V2.
Refreshing native plugins compatible for Editor in 33.52 ms, found 1 plugins.
Preloading 0 native plugins for Editor in 0.00 ms.
Initialize engine version: 2020.3.4f1 (0abb6314276a)
[Subsystems] Discovering subsystems at path C:/Program Files/Unity/Hub/Editor/2020.3.4f1/Editor/Data/Resources/UnitySubsystems
[Subsystems] Discovering subsystems at path C:/Users/Bonzeye/Desktop/Temp Desktop/Repos/roguelike/TopDungeon/Assets
GfxDevice: creating device client; threaded=0
Direct3D:
    Version:  Direct3D 11.0 [level 11.1]
    Renderer: NVIDIA GeForce RTX 2070 SUPER (ID=0x1e84)
    Vendor:   
    VRAM:     8003 MB
    Driver:   31.0.15.2698
Initialize mono
Mono path[0] = 'C:/Program Files/Unity/Hub/Editor/2020.3.4f1/Editor/Data/Managed'
Mono path[1] = 'C:/Program Files/Unity/Hub/Editor/2020.3.4f1/Editor/Data/MonoBleedingEdge/lib/mono/unityjit'
Mono config path = 'C:/Program Files/Unity/Hub/Editor/2020.3.4f1/Editor/Data/MonoBleedingEdge/etc'
Using monoOptions --debugger-agent=transport=dt_socket,embedding=1,server=y,suspend=n,address=127.0.0.1:56464
Begin MonoManager ReloadAssembly
Registering precompiled unity dll's ...
Register platform support module: C:/Program Files/Unity/Hub/Editor/2020.3.4f1/Editor/Data/PlaybackEngines/WebGLSupport/UnityEditor.WebGL.Extensions.dll
Register platform support module: C:/Program Files/Unity/Hub/Editor/2020.3.4f1/Editor/Data/PlaybackEngines/WindowsStandaloneSupport/UnityEditor.WindowsStandalone.Extensions.dll
Registered in 0.003151 seconds.
Native extension for WindowsStandalone target not found
Native extension for WebGL target not found
Refreshing native plugins compatible for Editor in 33.02 ms, found 1 plugins.
Preloading 0 native plugins for Editor in 0.00 ms.
Mono: successfully reloaded assembly
- Completed reload, in  1.136 seconds
Platform modules already initialized, skipping
Registering precompiled user dll's ...
Registered in 0.001040 seconds.
Begin MonoManager ReloadAssembly
Native extension for WindowsStandalone target not found
Native extension for WebGL target not found
Refreshing native plugins compatible for Editor in 41.30 ms, found 1 plugins.
Preloading 0 native plugins for Editor in 0.00 ms.
Mono: successfully reloaded assembly
- Completed reload, in  0.920 seconds
Platform modules already initialized, skipping
========================================================================
Worker process is ready to serve import requests
Launched and connected shader compiler UnityShaderCompiler.exe after 0.04 seconds
Refreshing native plugins compatible for Editor in 0.40 ms, found 1 plugins.
Preloading 0 native plugins for Editor in 0.00 ms.
Unloading 1829 Unused Serialized files (Serialized files now loaded: 0)
System memory in use before: 85.4 MB.
System memory in use after: 85.4 MB.

Unloading 24 unused Assets to reduce memory usage. Loaded Objects now: 2272.
Total: 2.035000 ms (FindLiveObjects: 0.347300 ms CreateObjectMapping: 0.099900 ms MarkObjects: 1.479700 ms  DeleteObjects: 0.106700 ms)

========================================================================
Received Import Request.
  path: Assets/Scenes/SampleScene.unity
  artifactKey: Guid(2cda990e2423bbf4892e6590ba056729) Importer(815301076,1909f56bfc062723c751e8b465ee728b)
Start importing Assets/Scenes/SampleScene.unity using Guid(2cda990e2423bbf4892e6590ba056729) Importer(815301076,1909f56bfc062723c751e8b465ee728b)  -> (artifact id: '55d65d5fff917f2d1ced4e7ecabd3689') in 0.014976 seconds
  Import took 0.018719 seconds .

========================================================================
Received Import Request.
  Time since last request: 74.036049 seconds.
  path: Assets/Scenes/Main.unity
  artifactKey: Guid(6b30ccd788e4eef4180621991f924f32) Importer(815301076,1909f56bfc062723c751e8b465ee728b)
Start importing Assets/Scenes/Main.unity using Guid(6b30ccd788e4eef4180621991f924f32) Importer(815301076,1909f56bfc062723c751e8b465ee728b)  -> (artifact id: 'd682c49193353f9655895977f53fceb7') in 0.002900 seconds
  Import took 0.005426 seconds .

========================================================================
Received Import Request.
  Time since last request: 14.952983 seconds.
  path: Assets/Scenes/DemoMap.unity
  artifactKey: Guid(b259f0550c689d545bbbfcc0f46b130c) Importer(815301076,1909f56bfc062723c751e8b465ee728b)
Start importing Assets/Scenes/DemoMap.unity using Guid(b259f0550c689d545bbbfcc0f46b130c) Importer(815301076,1909f56bfc062723c751e8b465ee728b)  -> (artifact id: '4186f445af290655b2ea2dcd0ff12b3a') in 0.006288 seconds
  Import took 0.008935 seconds .

========================================================================
Received Import Request.
  Time since last request: 234.180322 seconds.
  path: Assets/Scenes/DemoMap.unity
  artifactKey: Guid(b259f0550c689d545bbbfcc0f46b130c) Importer(815301076,1909f56bfc062723c751e8b465ee728b)
Start importing Assets/Scenes/DemoMap.unity using Guid(b259f0550c689d545bbbfcc0f46b130c) Importer(815301076,1909f56bfc062723c751e8b465ee728b)  -> (artifact id: 'fa19a43042c998f0fdfaf8cd4aadccd6') in 0.002412 seconds
  Import took 0.006820 seconds .

========================================================================
Received Prepare
Registering precompiled user dll's ...
Registered in 0.001171 seconds.
Begin MonoManager ReloadAssembly
Native extension for WindowsStandalone target not found
Native extension for WebGL target not found
Refreshing native plugins compatible for Editor in 0.31 ms, found 1 plugins.
Preloading 0 native plugins for Editor in 0.00 ms.
Mono: successfully reloaded assembly
- Completed reload, in  0.818 seconds
Platform modules already initialized, skipping
Refreshing native plugins compatible for Editor in 0.34 ms, found 1 plugins.
Preloading 0 native plugins for Editor in 0.00 ms.
Unloading 1824 Unused Serialized files (Serialized files now loaded: 0)
System memory in use before: 85.4 MB.
System memory in use after: 85.4 MB.

Unloading 12 unused Assets to reduce memory usage. Loaded Objects now: 2276.
Total: 1.950300 ms (FindLiveObjects: 0.175400 ms CreateObjectMapping: 0.063800 ms MarkObjects: 1.617700 ms  DeleteObjects: 0.092400 ms)

========================================================================
Received Prepare
Registering precompiled user dll's ...
Registered in 0.001013 seconds.
Begin MonoManager ReloadAssembly
Native extension for WindowsStandalone target not found
Native extension for WebGL target not found
Refreshing native plugins compatible for Editor in 0.59 ms, found 1 plugins.
Preloading 0 native plugins for Editor in 0.00 ms.
Mono: successfully reloaded assembly
- Completed reload, in  0.875 seconds
Platform modules already initialized, skipping
Refreshing native plugins compatible for Editor in 0.31 ms, found 1 plugins.
Preloading 0 native plugins for Editor in 0.00 ms.
Unloading 1824 Unused Serialized files (Serialized files now loaded: 0)
System memory in use before: 85.4 MB.
System memory in use after: 85.4 MB.

Unloading 12 unused Assets to reduce memory usage. Loaded Objects now: 2280.
Total: 1.932500 ms (FindLiveObjects: 0.199200 ms CreateObjectMapping: 0.089200 ms MarkObjects: 1.549000 ms  DeleteObjects: 0.094300 ms)

========================================================================
Received Import Request.
  Time since last request: 143.240284 seconds.
  path: Assets/Scenes/DemoMap.unity
  artifactKey: Guid(b259f0550c689d545bbbfcc0f46b130c) Importer(815301076,1909f56bfc062723c751e8b465ee728b)
Start importing Assets/Scenes/DemoMap.unity using Guid(b259f0550c689d545bbbfcc0f46b130c) Importer(815301076,1909f56bfc062723c751e8b465ee728b)  -> (artifact id: '363457dfbcc59f88e9304007343d84c0') in 0.010559 seconds
  Import took 0.013494 seconds .

========================================================================
Received Prepare
Registering precompiled user dll's ...
Registered in 0.001038 seconds.
Begin MonoManager ReloadAssembly
Native extension for WindowsStandalone target not found
Native extension for WebGL target not found
Refreshing native plugins compatible for Editor in 0.34 ms, found 1 plugins.
Preloading 0 native plugins for Editor in 0.00 ms.
Mono: successfully reloaded assembly
- Completed reload, in  0.825 seconds
Platform modules already initialized, skipping
Refreshing native plugins compatible for Editor in 0.34 ms, found 1 plugins.
Preloading 0 native plugins for Editor in 0.00 ms.
Unloading 1824 Unused Serialized files (Serialized files now loaded: 0)
System memory in use before: 85.5 MB.
System memory in use after: 85.4 MB.

Unloading 12 unused Assets to reduce memory usage. Loaded Objects now: 2284.
Total: 2.026100 ms (FindLiveObjects: 0.174500 ms CreateObjectMapping: 0.064500 ms MarkObjects: 1.685800 ms  DeleteObjects: 0.100400 ms)

========================================================================
Received Prepare
Registering precompiled user dll's ...
Registered in 0.001090 seconds.
Begin MonoManager ReloadAssembly
Native extension for WindowsStandalone target not found
Native extension for WebGL target not found
Refreshing native plugins compatible for Editor in 0.32 ms, found 1 plugins.
Preloading 0 native plugins for Editor in 0.00 ms.
Mono: successfully reloaded assembly
- Completed reload, in  0.836 seconds
Platform modules already initialized, skipping
Refreshing native plugins compatible for Editor in 0.54 ms, found 1 plugins.
Preloading 0 native plugins for Editor in 0.00 ms.
Unloading 1824 Unused Serialized files (Serialized files now loaded: 0)
System memory in use before: 85.5 MB.
System memory in use after: 85.4 MB.

Unloading 12 unused Assets to reduce memory usage. Loaded Objects now: 2288.
Total: 2.024700 ms (FindLiveObjects: 0.220200 ms CreateObjectMapping: 0.072300 ms MarkObjects: 1.633200 ms  DeleteObjects: 0.098000 ms)

========================================================================
Received Prepare
Registering precompiled user dll's ...
Registered in 0.001058 seconds.
Begin MonoManager ReloadAssembly
Native extension for WindowsStandalone target not found
Native extension for WebGL target not found
Refreshing native plugins compatible for Editor in 0.33 ms, found 1 plugins.
Preloading 0 native plugins for Editor in 0.00 ms.
Mono: successfully reloaded assembly
- Completed reload, in  0.825 seconds
Platform modules already initialized, skipping
Refreshing native plugins compatible for Editor in 0.34 ms, found 1 plugins.
Preloading 0 native plugins for Editor in 0.00 ms.
Unloading 1824 Unused Serialized files (Serialized files now loaded: 0)
System memory in use before: 85.5 MB.
System memory in use after: 85.5 MB.

Unloading 12 unused Assets to reduce memory usage. Loaded Objects now: 2292.
Total: 1.870100 ms (FindLiveObjects: 0.175200 ms CreateObjectMapping: 0.061700 ms MarkObjects: 1.535000 ms  DeleteObjects: 0.097300 ms)

========================================================================
Received Import Request.
  Time since last request: 101.311261 seconds.
  path: Assets/Scenes/DemoMap.unity
  artifactKey: Guid(b259f0550c689d545bbbfcc0f46b130c) Importer(815301076,1909f56bfc062723c751e8b465ee728b)
Start importing Assets/Scenes/DemoMap.unity using Guid(b259f0550c689d545bbbfcc0f46b130c) Importer(815301076,1909f56bfc062723c751e8b465ee728b)  -> (artifact id: 'fd9d023348d5cdcf94198f9ccf473d9b') in 0.009669 seconds
  Import took 0.012183 seconds .

========================================================================
Received Prepare
Registering precompiled user dll's ...
Registered in 0.001354 seconds.
Begin MonoManager ReloadAssembly
Native extension for WindowsStandalone target not found
Native extension for WebGL target not found
Refreshing native plugins compatible for Editor in 0.35 ms, found 1 plugins.
Preloading 0 native plugins for Editor in 0.00 ms.
Mono: successfully reloaded assembly
- Completed reload, in  0.817 seconds
Platform modules already initialized, skipping
Refreshing native plugins compatible for Editor in 0.37 ms, found 1 plugins.
Preloading 0 native plugins for Editor in 0.00 ms.
Unloading 1824 Unused Serialized files (Serialized files now loaded: 0)
System memory in use before: 85.5 MB.
System memory in use after: 85.5 MB.

Unloading 12 unused Assets to reduce memory usage. Loaded Objects now: 2296.
Total: 2.395800 ms (FindLiveObjects: 0.300900 ms CreateObjectMapping: 0.118900 ms MarkObjects: 1.877500 ms  DeleteObjects: 0.097500 ms)

========================================================================
Received Import Request.
  Time since last request: 750.578088 seconds.
  path: Assets/bullet.cs
  artifactKey: Guid(d4abd577578fdb84c98a005e54d131c5) Importer(815301076,1909f56bfc062723c751e8b465ee728b)
Start importing Assets/bullet.cs using Guid(d4abd577578fdb84c98a005e54d131c5) Importer(815301076,1909f56bfc062723c751e8b465ee728b)  -> (artifact id: '4dc2a3d2511847136af8763aabec9df6') in 0.034136 seconds
  Import took 0.037485 seconds .

========================================================================
Received Prepare
Registering precompiled user dll's ...
Registered in 0.001071 seconds.
Begin MonoManager ReloadAssembly
Native extension for WindowsStandalone target not found
Native extension for WebGL target not found
Refreshing native plugins compatible for Editor in 0.32 ms, found 1 plugins.
Preloading 0 native plugins for Editor in 0.00 ms.
Mono: successfully reloaded assembly
- Completed reload, in  0.792 seconds
Platform modules already initialized, skipping
Refreshing native plugins compatible for Editor in 0.62 ms, found 1 plugins.
Preloading 0 native plugins for Editor in 0.00 ms.
Unloading 1825 Unused Serialized files (Serialized files now loaded: 0)
System memory in use before: 85.5 MB.
System memory in use after: 85.5 MB.

Unloading 12 unused Assets to reduce memory usage. Loaded Objects now: 2301.
Total: 1.816200 ms (FindLiveObjects: 0.242800 ms CreateObjectMapping: 0.075200 ms MarkObjects: 1.397400 ms  DeleteObjects: 0.099900 ms)

========================================================================
Received Prepare
Registering precompiled user dll's ...
Registered in 0.001023 seconds.
Begin MonoManager ReloadAssembly
Native extension for WindowsStandalone target not found
Native extension for WebGL target not found
Refreshing native plugins compatible for Editor in 0.31 ms, found 1 plugins.
Preloading 0 native plugins for Editor in 0.00 ms.
Mono: successfully reloaded assembly
- Completed reload, in  0.769 seconds
Platform modules already initialized, skipping
Refreshing native plugins compatible for Editor in 0.34 ms, found 1 plugins.
Preloading 0 native plugins for Editor in 0.00 ms.
Unloading 1824 Unused Serialized files (Serialized files now loaded: 0)
System memory in use before: 85.5 MB.
System memory in use after: 85.5 MB.

Unloading 13 unused Assets to reduce memory usage. Loaded Objects now: 2304.
Total: 2.087200 ms (FindLiveObjects: 0.305200 ms CreateObjectMapping: 0.125500 ms MarkObjects: 1.550600 ms  DeleteObjects: 0.104600 ms)

========================================================================
Received Import Request.
  Time since last request: 16.644650 seconds.
  path: Assets/Bullet.cs
  artifactKey: Guid(d4abd577578fdb84c98a005e54d131c5) Importer(815301076,1909f56bfc062723c751e8b465ee728b)
Start importing Assets/Bullet.cs using Guid(d4abd577578fdb84c98a005e54d131c5) Importer(815301076,1909f56bfc062723c751e8b465ee728b)  -> (artifact id: '886e7bab93893e503fa7c4803a4b0e43') in 0.008806 seconds
  Import took 0.011958 seconds .

========================================================================
Received Prepare
Registering precompiled user dll's ...
Registered in 0.001013 seconds.
Begin MonoManager ReloadAssembly
Native extension for WindowsStandalone target not found
Native extension for WebGL target not found
Refreshing native plugins compatible for Editor in 0.40 ms, found 1 plugins.
Preloading 0 native plugins for Editor in 0.00 ms.
Mono: successfully reloaded assembly
- Completed reload, in  0.798 seconds
Platform modules already initialized, skipping
Refreshing native plugins compatible for Editor in 0.32 ms, found 1 plugins.
Preloading 0 native plugins for Editor in 0.00 ms.
Unloading 1825 Unused Serialized files (Serialized files now loaded: 0)
System memory in use before: 85.6 MB.
System memory in use after: 85.5 MB.

Unloading 12 unused Assets to reduce memory usage. Loaded Objects now: 2309.
Total: 1.969900 ms (FindLiveObjects: 0.173900 ms CreateObjectMapping: 0.062700 ms MarkObjects: 1.645200 ms  DeleteObjects: 0.087100 ms)

========================================================================
Received Prepare
Registering precompiled user dll's ...
Registered in 0.000995 seconds.
Begin MonoManager ReloadAssembly
Native extension for WindowsStandalone target not found
Native extension for WebGL target not found
Refreshing native plugins compatible for Editor in 0.38 ms, found 1 plugins.
Preloading 0 native plugins for Editor in 0.00 ms.
Mono: successfully reloaded assembly
- Completed reload, in  0.762 seconds
Platform modules already initialized, skipping
Refreshing native plugins compatible for Editor in 0.47 ms, found 1 plugins.
Preloading 0 native plugins for Editor in 0.00 ms.
Unloading 1825 Unused Serialized files (Serialized files now loaded: 0)
System memory in use before: 85.6 MB.
System memory in use after: 85.5 MB.

Unloading 12 unused Assets to reduce memory usage. Loaded Objects now: 2313.
Total: 2.170800 ms (FindLiveObjects: 0.223200 ms CreateObjectMapping: 0.087200 ms MarkObjects: 1.760100 ms  DeleteObjects: 0.099200 ms)

========================================================================
Received Import Request.
  Time since last request: 12.991559 seconds.
  path: Assets/Artwork/Animation/DeathMenu_Hiding.anim
  artifactKey: Guid(5d0e7c5259ef50c48818057321e9a26a) Importer(815301076,1909f56bfc062723c751e8b465ee728b)
Start importing Assets/Artwork/Animation/DeathMenu_Hiding.anim using Guid(5d0e7c5259ef50c48818057321e9a26a) Importer(815301076,1909f56bfc062723c751e8b465ee728b)  -> (artifact id: 'de27ee4b1f436c685cd8e4c8941e3b4b') in 0.017831 seconds
  Import took 0.020442 seconds .

========================================================================
Received Import Request.
  Time since last request: 15.925682 seconds.
  path: Assets/Scripts/Player.cs
  artifactKey: Guid(dfb417012844b7b4e9feae7d0728bb21) Importer(815301076,1909f56bfc062723c751e8b465ee728b)
Start importing Assets/Scripts/Player.cs using Guid(dfb417012844b7b4e9feae7d0728bb21) Importer(815301076,1909f56bfc062723c751e8b465ee728b)  -> (artifact id: '8f10d62ee33c6b955840c3bd983ac987') in 0.006539 seconds
  Import took 0.009070 seconds .

========================================================================
Received Import Request.
  Time since last request: 0.018761 seconds.
  path: Assets/Scripts/Player.cs
  artifactKey: Guid(dfb417012844b7b4e9feae7d0728bb21) Importer(815301076,1909f56bfc062723c751e8b465ee728b)
Start importing Assets/Scripts/Player.cs using Guid(dfb417012844b7b4e9feae7d0728bb21) Importer(815301076,1909f56bfc062723c751e8b465ee728b)  -> (artifact id: '8f10d62ee33c6b955840c3bd983ac987') in 0.002462 seconds
  Import took 0.005208 seconds .

========================================================================
Received Prepare
Registering precompiled user dll's ...
Registered in 0.001101 seconds.
Begin MonoManager ReloadAssembly
Native extension for WindowsStandalone target not found
Native extension for WebGL target not found
Refreshing native plugins compatible for Editor in 0.33 ms, found 1 plugins.
Preloading 0 native plugins for Editor in 0.00 ms.
Mono: successfully reloaded assembly
- Completed reload, in  0.775 seconds
Platform modules already initialized, skipping
Refreshing native plugins compatible for Editor in 0.34 ms, found 1 plugins.
Preloading 0 native plugins for Editor in 0.00 ms.
Unloading 1824 Unused Serialized files (Serialized files now loaded: 0)
System memory in use before: 85.6 MB.
System memory in use after: 85.5 MB.

Unloading 13 unused Assets to reduce memory usage. Loaded Objects now: 2316.
Total: 2.107300 ms (FindLiveObjects: 0.260300 ms CreateObjectMapping: 0.083000 ms MarkObjects: 1.656800 ms  DeleteObjects: 0.106000 ms)

AssetImportWorkerClient::OnTransportError - code=2 error=End of file
